{"/home/kaua/ddd-js/ddd-js/src/presentation/controllers/signup.ts": {"path":"/home/kaua/ddd-js/ddd-js/src/presentation/controllers/signup.ts","statementMap":{"0":{"start":{"line":2,"column":0},"end":{"line":2,"column":52}},"1":{"start":{"line":3,"column":0},"end":{"line":3,"column":52}},"2":{"start":{"line":6,"column":31},"end":{"line":6,"column":79}},"3":{"start":{"line":7,"column":8},"end":{"line":12,"column":9}},"4":{"start":{"line":8,"column":12},"end":{"line":10,"column":13}},"5":{"start":{"line":9,"column":16},"end":{"line":9,"column":null}},"6":{"start":{"line":4,"column":0},"end":{"line":4,"column":13}}},"fnMap":{"0":{"name":"(anonymous_0)","decl":{"start":{"line":5,"column":4},"end":{"line":5,"column":10}},"loc":{"start":{"line":5,"column":37},"end":{"line":13,"column":5}}}},"branchMap":{"0":{"loc":{"start":{"line":8,"column":12},"end":{"line":10,"column":13}},"type":"if","locations":[{"start":{"line":8,"column":12},"end":{"line":10,"column":13}}]}},"s":{"0":1,"1":1,"2":4,"3":4,"4":10,"5":4,"6":1},"f":{"0":4},"b":{"0":[4]}}
,"/home/kaua/ddd-js/ddd-js/src/presentation/errors/errors.ts": {"path":"/home/kaua/ddd-js/ddd-js/src/presentation/errors/errors.ts","statementMap":{"0":{"start":{"line":3,"column":12},"end":{"line":3,"column":null}},"1":{"start":{"line":4,"column":12},"end":{"line":4,"column":null}},"2":{"start":{"line":1,"column":0},"end":{"line":1,"column":13}}},"fnMap":{"0":{"name":"(anonymous_0)","decl":{"start":{"line":2,"column":4},"end":{"line":2,"column":17}},"loc":{"start":{"line":2,"column":34},"end":{"line":5,"column":5}}}},"branchMap":{},"s":{"0":8,"1":8,"2":1},"f":{"0":8},"b":{}}
,"/home/kaua/ddd-js/ddd-js/src/presentation/helpers/http-helpers.ts": {"path":"/home/kaua/ddd-js/ddd-js/src/presentation/helpers/http-helpers.ts","statementMap":{"0":{"start":{"line":3,"column":26},"end":{"line":6,"column":2}},"1":{"start":{"line":3,"column":59},"end":{"line":6,"column":2}},"2":{"start":{"line":3,"column":13},"end":{"line":3,"column":26}}},"fnMap":{"0":{"name":"(anonymous_0)","decl":{"start":{"line":3,"column":26},"end":{"line":3,"column":27}},"loc":{"start":{"line":3,"column":59},"end":{"line":6,"column":2}}}},"branchMap":{},"s":{"0":1,"1":4,"2":1},"f":{"0":4},"b":{}}
}
